"QUERY PLAN"
"Seq Scan on predmeti  (cost=0.00..1.81 rows=1 width=35) (actual time=0.007..0.010 rows=1.00 loops=1)"
"  Filter: (predmet_id = 1)"
"  Rows Removed by Filter: 64"
"  Buffers: shared hit=1"
"Planning:"
"  Buffers: shared hit=6"
"Planning Time: 0.122 ms"
"Execution Time: 0.020 ms"
