"QUERY PLAN"
"Seq Scan on studenti  (cost=0.00..1.09 rows=1 width=788) (actual time=0.010..0.011 rows=1.00 loops=1)"
"  Filter: (((indeks)::text = '2018/067'::text) AND (smer_id = 2))"
"  Rows Removed by Filter: 5"
"  Buffers: shared hit=1"
"Planning:"
"  Buffers: shared hit=6"
"Planning Time: 0.159 ms"
"Execution Time: 0.021 ms"
