"QUERY PLAN"
"Seq Scan on prijave_ispita  (cost=0.00..1.12 rows=1 width=32) (actual time=0.007..0.007 rows=1.00 loops=1)"
"  Filter: (prijava_id = 10)"
"  Rows Removed by Filter: 9"
"  Buffers: shared hit=1"
"Planning:"
"  Buffers: shared hit=5"
"Planning Time: 0.078 ms"
"Execution Time: 0.015 ms"
