"QUERY PLAN"
"Seq Scan on uplate  (cost=0.00..1.07 rows=1 width=536) (actual time=0.013..0.014 rows=1.00 loops=1)"
"  Filter: (student_id = 5)"
"  Rows Removed by Filter: 5"
"  Buffers: shared hit=1"
"Planning:"
"  Buffers: shared hit=5"
"Planning Time: 0.072 ms"
"Execution Time: 0.021 ms"
