"QUERY PLAN"
"Seq Scan on uplate  (cost=0.00..1.07 rows=1 width=536) (actual time=0.036..0.037 rows=1.00 loops=1)"
"  Filter: (student_id = 5)"
"  Rows Removed by Filter: 5"
"  Buffers: shared hit=1"
"Planning:"
"  Buffers: shared hit=15 read=1 dirtied=1"
"Planning Time: 0.315 ms"
"Execution Time: 0.051 ms"
