"QUERY PLAN"
"Seq Scan on predmeti  (cost=0.00..1.81 rows=1 width=35) (actual time=0.009..0.012 rows=1.00 loops=1)"
"  Filter: (predmet_id = 1)"
"  Rows Removed by Filter: 64"
"  Buffers: shared hit=1"
"Planning:"
"  Buffers: shared hit=16 read=1"
"Planning Time: 0.242 ms"
"Execution Time: 0.022 ms"
